<?xml version="1.0" encoding="UTF-8"?>
<!-- Generated by org.testng.reporters.JUnitReportReporter -->
<testsuite skipped="0" hostname="DESKTOP-8OTMBQN" name="academy.HomePage" tests="1" failures="0" timestamp="2022-04-01T18:40:05 IST" time="13.046" errors="0">
  <testcase name="basepageNavigation" time="13.046" classname="academy.HomePage"/>
  <system-out/>
</testsuite> <!-- academy.HomePage -->
